{"C:\\Users\\mlepi\\Desktop\\GitHub\\Exercices-individuels-Dorothy-Vaugan-Paris\\Exercices des branches\\Culture du test\\Jest\\app.js": {"path":"C:\\Users\\mlepi\\Desktop\\GitHub\\Exercices-individuels-Dorothy-Vaugan-Paris\\Exercices des branches\\Culture du test\\Jest\\app.js","statementMap":{"0":{"start":{"line":1,"column":17},"end":{"line":1,"column":30}},"1":{"start":{"line":3,"column":0},"end":{"line":5,"column":1}}},"fnMap":{},"branchMap":{},"s":{"0":1,"1":1},"f":{},"b":{},"_coverageSchema":"1a1c01bbd47fc00a2c39e90264f33305004495a9","hash":"754eae6f3175fd32dcf46fa5ba8efff78c757c29"}
}
